[20-Jan-2023 19:42:32 UTC] PHP Fatal error:  Uncaught Error: Call to undefined function get_head() in /Applications/MAMP/htdocs/testr/wp-content/themes/sibiryak/header.php:8
Stack trace:
#0 /Applications/MAMP/htdocs/testr/wp-includes/template.php(783): require_once()
#1 /Applications/MAMP/htdocs/testr/wp-includes/template.php(718): load_template('/Applications/M...', true, Array)
#2 /Applications/MAMP/htdocs/testr/wp-includes/general-template.php(48): locate_template(Array, true, true, Array)
#3 /Applications/MAMP/htdocs/testr/wp-content/themes/sibiryak/index.php(3): get_header()
#4 /Applications/MAMP/htdocs/testr/wp-includes/template-loader.php(106): include('/Applications/M...')
#5 /Applications/MAMP/htdocs/testr/wp-blog-header.php(19): require_once('/Applications/M...')
#6 /Applications/MAMP/htdocs/testr/index.php(17): require('/Applications/M...')
#7 {main}
  thrown in /Applications/MAMP/htdocs/testr/wp-content/themes/sibiryak/header.php on line 8
[20-Jan-2023 19:42:40 UTC] PHP Fatal error:  Uncaught Error: Call to undefined function get_head() in /Applications/MAMP/htdocs/testr/wp-content/themes/sibiryak/header.php:8
Stack trace:
#0 /Applications/MAMP/htdocs/testr/wp-includes/template.php(783): require_once()
#1 /Applications/MAMP/htdocs/testr/wp-includes/template.php(718): load_template('/Applications/M...', true, Array)
#2 /Applications/MAMP/htdocs/testr/wp-includes/general-template.php(48): locate_template(Array, true, true, Array)
#3 /Applications/MAMP/htdocs/testr/wp-content/themes/sibiryak/index.php(3): get_header()
#4 /Applications/MAMP/htdocs/testr/wp-includes/template-loader.php(106): include('/Applications/M...')
#5 /Applications/MAMP/htdocs/testr/wp-blog-header.php(19): require_once('/Applications/M...')
#6 /Applications/MAMP/htdocs/testr/index.php(17): require('/Applications/M...')
#7 {main}
  thrown in /Applications/MAMP/htdocs/testr/wp-content/themes/sibiryak/header.php on line 8
[20-Jan-2023 19:42:55 UTC] PHP Fatal error:  Uncaught Error: Call to undefined function get_head() in /Applications/MAMP/htdocs/testr/wp-content/themes/sibiryak/header.php:8
Stack trace:
#0 /Applications/MAMP/htdocs/testr/wp-includes/template.php(783): require_once()
#1 /Applications/MAMP/htdocs/testr/wp-includes/template.php(718): load_template('/Applications/M...', true, Array)
#2 /Applications/MAMP/htdocs/testr/wp-includes/general-template.php(48): locate_template(Array, true, true, Array)
#3 /Applications/MAMP/htdocs/testr/wp-content/themes/sibiryak/index.php(3): get_header()
#4 /Applications/MAMP/htdocs/testr/wp-includes/template-loader.php(106): include('/Applications/M...')
#5 /Applications/MAMP/htdocs/testr/wp-blog-header.php(19): require_once('/Applications/M...')
#6 /Applications/MAMP/htdocs/testr/index.php(17): require('/Applications/M...')
#7 {main}
  thrown in /Applications/MAMP/htdocs/testr/wp-content/themes/sibiryak/header.php on line 8
[20-Jan-2023 19:45:06 UTC] PHP Fatal error:  Uncaught Error: Call to undefined function get_head() in /Applications/MAMP/htdocs/testr/wp-content/themes/sibiryak/header.php:8
Stack trace:
#0 /Applications/MAMP/htdocs/testr/wp-includes/template.php(783): require_once()
#1 /Applications/MAMP/htdocs/testr/wp-includes/template.php(718): load_template('/Applications/M...', true, Array)
#2 /Applications/MAMP/htdocs/testr/wp-includes/general-template.php(48): locate_template(Array, true, true, Array)
#3 /Applications/MAMP/htdocs/testr/wp-content/themes/sibiryak/index.php(3): get_header()
#4 /Applications/MAMP/htdocs/testr/wp-includes/template-loader.php(106): include('/Applications/M...')
#5 /Applications/MAMP/htdocs/testr/wp-blog-header.php(19): require_once('/Applications/M...')
#6 /Applications/MAMP/htdocs/testr/index.php(17): require('/Applications/M...')
#7 {main}
  thrown in /Applications/MAMP/htdocs/testr/wp-content/themes/sibiryak/header.php on line 8
[20-Jan-2023 19:47:11 UTC] PHP Fatal error:  Uncaught Error: Call to undefined function get_head() in /Applications/MAMP/htdocs/testr/wp-content/themes/sibiryak/header.php:8
Stack trace:
#0 /Applications/MAMP/htdocs/testr/wp-includes/template.php(783): require_once()
#1 /Applications/MAMP/htdocs/testr/wp-includes/template.php(718): load_template('/Applications/M...', true, Array)
#2 /Applications/MAMP/htdocs/testr/wp-includes/general-template.php(48): locate_template(Array, true, true, Array)
#3 /Applications/MAMP/htdocs/testr/wp-content/themes/sibiryak/index.php(3): get_header()
#4 /Applications/MAMP/htdocs/testr/wp-includes/template-loader.php(106): include('/Applications/M...')
#5 /Applications/MAMP/htdocs/testr/wp-blog-header.php(19): require_once('/Applications/M...')
#6 /Applications/MAMP/htdocs/testr/index.php(17): require('/Applications/M...')
#7 {main}
  thrown in /Applications/MAMP/htdocs/testr/wp-content/themes/sibiryak/header.php on line 8
[20-Jan-2023 19:53:57 UTC] PHP Fatal error:  Uncaught Error: Call to undefined function get_head() in /Applications/MAMP/htdocs/testr/wp-content/themes/sibiryak/header.php:8
Stack trace:
#0 /Applications/MAMP/htdocs/testr/wp-includes/template.php(783): require_once()
#1 /Applications/MAMP/htdocs/testr/wp-includes/template.php(718): load_template('/Applications/M...', true, Array)
#2 /Applications/MAMP/htdocs/testr/wp-includes/general-template.php(48): locate_template(Array, true, true, Array)
#3 /Applications/MAMP/htdocs/testr/wp-content/themes/sibiryak/index.php(3): get_header()
#4 /Applications/MAMP/htdocs/testr/wp-includes/template-loader.php(106): include('/Applications/M...')
#5 /Applications/MAMP/htdocs/testr/wp-blog-header.php(19): require_once('/Applications/M...')
#6 /Applications/MAMP/htdocs/testr/index.php(17): require('/Applications/M...')
#7 {main}
  thrown in /Applications/MAMP/htdocs/testr/wp-content/themes/sibiryak/header.php on line 8
[20-Jan-2023 19:54:50 UTC] PHP Fatal error:  Uncaught Error: Call to undefined function get_head() in /Applications/MAMP/htdocs/testr/wp-content/themes/sibiryak/header.php:8
Stack trace:
#0 /Applications/MAMP/htdocs/testr/wp-includes/template.php(783): require_once()
#1 /Applications/MAMP/htdocs/testr/wp-includes/template.php(718): load_template('/Applications/M...', true, Array)
#2 /Applications/MAMP/htdocs/testr/wp-includes/general-template.php(48): locate_template(Array, true, true, Array)
#3 /Applications/MAMP/htdocs/testr/wp-content/themes/sibiryak/index.php(3): get_header()
#4 /Applications/MAMP/htdocs/testr/wp-includes/template-loader.php(106): include('/Applications/M...')
#5 /Applications/MAMP/htdocs/testr/wp-blog-header.php(19): require_once('/Applications/M...')
#6 /Applications/MAMP/htdocs/testr/index.php(17): require('/Applications/M...')
#7 {main}
  thrown in /Applications/MAMP/htdocs/testr/wp-content/themes/sibiryak/header.php on line 8
[20-Jan-2023 19:57:01 UTC] PHP Fatal error:  Uncaught Error: Call to undefined function get_head() in /Applications/MAMP/htdocs/testr/wp-content/themes/sibiryak/header.php:8
Stack trace:
#0 /Applications/MAMP/htdocs/testr/wp-includes/template.php(783): require_once()
#1 /Applications/MAMP/htdocs/testr/wp-includes/template.php(718): load_template('/Applications/M...', true, Array)
#2 /Applications/MAMP/htdocs/testr/wp-includes/general-template.php(48): locate_template(Array, true, true, Array)
#3 /Applications/MAMP/htdocs/testr/wp-content/themes/sibiryak/index.php(3): get_header()
#4 /Applications/MAMP/htdocs/testr/wp-includes/template-loader.php(106): include('/Applications/M...')
#5 /Applications/MAMP/htdocs/testr/wp-blog-header.php(19): require_once('/Applications/M...')
#6 /Applications/MAMP/htdocs/testr/index.php(17): require('/Applications/M...')
#7 {main}
  thrown in /Applications/MAMP/htdocs/testr/wp-content/themes/sibiryak/header.php on line 8
[20-Jan-2023 20:03:35 UTC] PHP Fatal error:  Uncaught Error: Call to undefined function get_head() in /Applications/MAMP/htdocs/testr/wp-content/themes/sibiryak/header.php:8
Stack trace:
#0 /Applications/MAMP/htdocs/testr/wp-includes/template.php(783): require_once()
#1 /Applications/MAMP/htdocs/testr/wp-includes/template.php(718): load_template('/Applications/M...', true, Array)
#2 /Applications/MAMP/htdocs/testr/wp-includes/general-template.php(48): locate_template(Array, true, true, Array)
#3 /Applications/MAMP/htdocs/testr/wp-content/themes/sibiryak/index.php(3): get_header()
#4 /Applications/MAMP/htdocs/testr/wp-includes/template-loader.php(106): include('/Applications/M...')
#5 /Applications/MAMP/htdocs/testr/wp-blog-header.php(19): require_once('/Applications/M...')
#6 /Applications/MAMP/htdocs/testr/index.php(17): require('/Applications/M...')
#7 {main}
  thrown in /Applications/MAMP/htdocs/testr/wp-content/themes/sibiryak/header.php on line 8
[21-Jan-2023 19:12:40 UTC] PHP Fatal error:  Uncaught Error: Call to undefined function get_head() in /Applications/MAMP/htdocs/testr/wp-content/themes/sibiryak/header.php:8
Stack trace:
#0 /Applications/MAMP/htdocs/testr/wp-includes/template.php(783): require_once()
#1 /Applications/MAMP/htdocs/testr/wp-includes/template.php(718): load_template('/Applications/M...', true, Array)
#2 /Applications/MAMP/htdocs/testr/wp-includes/general-template.php(48): locate_template(Array, true, true, Array)
#3 /Applications/MAMP/htdocs/testr/wp-content/themes/sibiryak/index.php(3): get_header()
#4 /Applications/MAMP/htdocs/testr/wp-includes/template-loader.php(106): include('/Applications/M...')
#5 /Applications/MAMP/htdocs/testr/wp-blog-header.php(19): require_once('/Applications/M...')
#6 /Applications/MAMP/htdocs/testr/index.php(17): require('/Applications/M...')
#7 {main}
  thrown in /Applications/MAMP/htdocs/testr/wp-content/themes/sibiryak/header.php on line 8
[21-Jan-2023 19:12:43 UTC] PHP Fatal error:  Uncaught Error: Call to undefined function get_head() in /Applications/MAMP/htdocs/testr/wp-content/themes/sibiryak/header.php:8
Stack trace:
#0 /Applications/MAMP/htdocs/testr/wp-includes/template.php(783): require_once()
#1 /Applications/MAMP/htdocs/testr/wp-includes/template.php(718): load_template('/Applications/M...', true, Array)
#2 /Applications/MAMP/htdocs/testr/wp-includes/general-template.php(48): locate_template(Array, true, true, Array)
#3 /Applications/MAMP/htdocs/testr/wp-content/themes/sibiryak/index.php(3): get_header()
#4 /Applications/MAMP/htdocs/testr/wp-includes/template-loader.php(106): include('/Applications/M...')
#5 /Applications/MAMP/htdocs/testr/wp-blog-header.php(19): require_once('/Applications/M...')
#6 /Applications/MAMP/htdocs/testr/index.php(17): require('/Applications/M...')
#7 {main}
  thrown in /Applications/MAMP/htdocs/testr/wp-content/themes/sibiryak/header.php on line 8
[21-Jan-2023 19:12:46 UTC] PHP Fatal error:  Uncaught Error: Call to undefined function get_head() in /Applications/MAMP/htdocs/testr/wp-content/themes/sibiryak/header.php:8
Stack trace:
#0 /Applications/MAMP/htdocs/testr/wp-includes/template.php(783): require_once()
#1 /Applications/MAMP/htdocs/testr/wp-includes/template.php(718): load_template('/Applications/M...', true, Array)
#2 /Applications/MAMP/htdocs/testr/wp-includes/general-template.php(48): locate_template(Array, true, true, Array)
#3 /Applications/MAMP/htdocs/testr/wp-content/themes/sibiryak/index.php(3): get_header()
#4 /Applications/MAMP/htdocs/testr/wp-includes/template-loader.php(106): include('/Applications/M...')
#5 /Applications/MAMP/htdocs/testr/wp-blog-header.php(19): require_once('/Applications/M...')
#6 /Applications/MAMP/htdocs/testr/index.php(17): require('/Applications/M...')
#7 {main}
  thrown in /Applications/MAMP/htdocs/testr/wp-content/themes/sibiryak/header.php on line 8
[21-Jan-2023 19:12:48 UTC] PHP Fatal error:  Uncaught Error: Call to undefined function get_head() in /Applications/MAMP/htdocs/testr/wp-content/themes/sibiryak/header.php:8
Stack trace:
#0 /Applications/MAMP/htdocs/testr/wp-includes/template.php(783): require_once()
#1 /Applications/MAMP/htdocs/testr/wp-includes/template.php(718): load_template('/Applications/M...', true, Array)
#2 /Applications/MAMP/htdocs/testr/wp-includes/general-template.php(48): locate_template(Array, true, true, Array)
#3 /Applications/MAMP/htdocs/testr/wp-content/themes/sibiryak/index.php(3): get_header()
#4 /Applications/MAMP/htdocs/testr/wp-includes/template-loader.php(106): include('/Applications/M...')
#5 /Applications/MAMP/htdocs/testr/wp-blog-header.php(19): require_once('/Applications/M...')
#6 /Applications/MAMP/htdocs/testr/index.php(17): require('/Applications/M...')
#7 {main}
  thrown in /Applications/MAMP/htdocs/testr/wp-content/themes/sibiryak/header.php on line 8
[21-Jan-2023 22:55:02 UTC] PHP Fatal error:  Uncaught ArgumentCountError: Too few arguments to function add_action(), 1 passed in /Applications/MAMP/htdocs/testr/wp-content/themes/sibiryak/functions.php on line 10 and at least 2 expected in /Applications/MAMP/htdocs/testr/wp-includes/plugin.php:441
Stack trace:
#0 /Applications/MAMP/htdocs/testr/wp-content/themes/sibiryak/functions.php(10): add_action('sibiryak_assets')
#1 /Applications/MAMP/htdocs/testr/wp-settings.php(585): include('/Applications/M...')
#2 /Applications/MAMP/htdocs/testr/wp-config.php(96): require_once('/Applications/M...')
#3 /Applications/MAMP/htdocs/testr/wp-load.php(50): require_once('/Applications/M...')
#4 /Applications/MAMP/htdocs/testr/wp-blog-header.php(13): require_once('/Applications/M...')
#5 /Applications/MAMP/htdocs/testr/index.php(17): require('/Applications/M...')
#6 {main}
  thrown in /Applications/MAMP/htdocs/testr/wp-includes/plugin.php on line 441
[21-Jan-2023 23:05:16 UTC] PHP Fatal error:  Allowed memory size of 134217728 bytes exhausted (tried to allocate 262144 bytes) in /Applications/MAMP/htdocs/testr/wp-includes/class-wp-scripts.php on line 650
[21-Jan-2023 23:05:16 UTC] PHP Fatal error:  Allowed memory size of 134217728 bytes exhausted (tried to allocate 262144 bytes) in /Applications/MAMP/htdocs/testr/wp-includes/class-wp-fatal-error-handler.php on line 107
[21-Jan-2023 23:05:24 UTC] PHP Fatal error:  Allowed memory size of 134217728 bytes exhausted (tried to allocate 262144 bytes) in /Applications/MAMP/htdocs/testr/wp-includes/class-wp-scripts.php on line 650
[21-Jan-2023 23:05:24 UTC] PHP Fatal error:  Allowed memory size of 134217728 bytes exhausted (tried to allocate 262144 bytes) in /Applications/MAMP/htdocs/testr/wp-includes/class-wp-fatal-error-handler.php on line 107
[21-Jan-2023 23:05:48 UTC] PHP Fatal error:  Allowed memory size of 134217728 bytes exhausted (tried to allocate 262144 bytes) in /Applications/MAMP/htdocs/testr/wp-includes/class-wp-scripts.php on line 650
[21-Jan-2023 23:05:48 UTC] PHP Fatal error:  Allowed memory size of 134217728 bytes exhausted (tried to allocate 262144 bytes) in /Applications/MAMP/htdocs/testr/wp-includes/class-wp-fatal-error-handler.php on line 107
[23-Jan-2023 20:51:28 UTC] PHP Fatal error:  Uncaught Error: Call to undefined function get_the_post_image_url() in /Applications/MAMP/htdocs/testr/wp-content/themes/sibiryak/index.php:35
Stack trace:
#0 /Applications/MAMP/htdocs/testr/wp-includes/template-loader.php(106): include()
#1 /Applications/MAMP/htdocs/testr/wp-blog-header.php(19): require_once('/Applications/M...')
#2 /Applications/MAMP/htdocs/testr/index.php(17): require('/Applications/M...')
#3 {main}
  thrown in /Applications/MAMP/htdocs/testr/wp-content/themes/sibiryak/index.php on line 35
[23-Jan-2023 20:51:46 UTC] PHP Fatal error:  Uncaught Error: Call to undefined function get_the_post_url() in /Applications/MAMP/htdocs/testr/wp-content/themes/sibiryak/index.php:35
Stack trace:
#0 /Applications/MAMP/htdocs/testr/wp-includes/template-loader.php(106): include()
#1 /Applications/MAMP/htdocs/testr/wp-blog-header.php(19): require_once('/Applications/M...')
#2 /Applications/MAMP/htdocs/testr/index.php(17): require('/Applications/M...')
#3 {main}
  thrown in /Applications/MAMP/htdocs/testr/wp-content/themes/sibiryak/index.php on line 35
[23-Jan-2023 21:32:52 UTC] PHP Fatal error:  Uncaught Error: Call to undefined function get_the_post_thumbnails_url() in /Applications/MAMP/htdocs/testr/wp-content/themes/sibiryak/index.php:35
Stack trace:
#0 /Applications/MAMP/htdocs/testr/wp-includes/template-loader.php(106): include()
#1 /Applications/MAMP/htdocs/testr/wp-blog-header.php(19): require_once('/Applications/M...')
#2 /Applications/MAMP/htdocs/testr/index.php(17): require('/Applications/M...')
#3 {main}
  thrown in /Applications/MAMP/htdocs/testr/wp-content/themes/sibiryak/index.php on line 35
[23-Jan-2023 21:32:55 UTC] PHP Fatal error:  Uncaught Error: Call to undefined function get_the_post_thumbnails_url() in /Applications/MAMP/htdocs/testr/wp-content/themes/sibiryak/index.php:35
Stack trace:
#0 /Applications/MAMP/htdocs/testr/wp-includes/template-loader.php(106): include()
#1 /Applications/MAMP/htdocs/testr/wp-blog-header.php(19): require_once('/Applications/M...')
#2 /Applications/MAMP/htdocs/testr/index.php(17): require('/Applications/M...')
#3 {main}
  thrown in /Applications/MAMP/htdocs/testr/wp-content/themes/sibiryak/index.php on line 35
[26-Jan-2023 14:25:55 UTC] PHP Warning:  Произошла непредвиденная ошибка. Возможно, что-то не так с сайтом WordPress.org или с настройками вашего сервера. Если проблема не решится, обратитесь на <a href="https://ru.wordpress.org/support/forums/">форумы поддержки</a>. (Не удалось установить защищённое соединение с WordPress.org. Пожалуйста, свяжитесь с администратором сервера.) in /Applications/MAMP/htdocs/testr/wp-admin/includes/plugin-install.php on line 183
[31-Jan-2023 14:47:22 UTC] PHP Warning:  Произошла непредвиденная ошибка. Возможно, что-то не так с сайтом WordPress.org или с настройками вашего сервера. Если проблема не решится, обратитесь на <a href="https://ru.wordpress.org/support/forums/">форумы поддержки</a>. (Не удалось установить защищённое соединение с WordPress.org. Пожалуйста, свяжитесь с администратором сервера.) in /Applications/MAMP/htdocs/testr/wp-admin/includes/plugin-install.php on line 183
[31-Jan-2023 14:55:17 UTC] PHP Fatal error:  Uncaught Error: Call to undefined function get_the_post_meta() in /Applications/MAMP/htdocs/testr/wp-content/themes/sibiryak/index.php:207
Stack trace:
#0 /Applications/MAMP/htdocs/testr/wp-includes/template-loader.php(106): include()
#1 /Applications/MAMP/htdocs/testr/wp-blog-header.php(19): require_once('/Applications/M...')
#2 /Applications/MAMP/htdocs/testr/index.php(17): require('/Applications/M...')
#3 {main}
  thrown in /Applications/MAMP/htdocs/testr/wp-content/themes/sibiryak/index.php on line 207
[31-Jan-2023 14:56:55 UTC] PHP Fatal error:  Uncaught Error: Call to undefined function add_the_post_meta() in /Applications/MAMP/htdocs/testr/wp-content/themes/sibiryak/index.php:207
Stack trace:
#0 /Applications/MAMP/htdocs/testr/wp-includes/template-loader.php(106): include()
#1 /Applications/MAMP/htdocs/testr/wp-blog-header.php(19): require_once('/Applications/M...')
#2 /Applications/MAMP/htdocs/testr/index.php(17): require('/Applications/M...')
#3 {main}
  thrown in /Applications/MAMP/htdocs/testr/wp-content/themes/sibiryak/index.php on line 207
[31-Jan-2023 15:00:19 UTC] PHP Fatal error:  Uncaught Error: Call to undefined function get_the_post_meta() in /Applications/MAMP/htdocs/testr/wp-content/themes/sibiryak/index.php:213
Stack trace:
#0 /Applications/MAMP/htdocs/testr/wp-includes/template-loader.php(106): include()
#1 /Applications/MAMP/htdocs/testr/wp-blog-header.php(19): require_once('/Applications/M...')
#2 /Applications/MAMP/htdocs/testr/index.php(17): require('/Applications/M...')
#3 {main}
  thrown in /Applications/MAMP/htdocs/testr/wp-content/themes/sibiryak/index.php on line 213
[31-Jan-2023 15:05:48 UTC] PHP Fatal error:  Uncaught Error: Call to undefined function ID() in /Applications/MAMP/htdocs/testr/wp-content/themes/sibiryak/index.php:213
Stack trace:
#0 /Applications/MAMP/htdocs/testr/wp-includes/template-loader.php(106): include()
#1 /Applications/MAMP/htdocs/testr/wp-blog-header.php(19): require_once('/Applications/M...')
#2 /Applications/MAMP/htdocs/testr/index.php(17): require('/Applications/M...')
#3 {main}
  thrown in /Applications/MAMP/htdocs/testr/wp-content/themes/sibiryak/index.php on line 213
[31-Jan-2023 15:06:15 UTC] PHP Fatal error:  Uncaught Error: Call to undefined function get_ID() in /Applications/MAMP/htdocs/testr/wp-content/themes/sibiryak/index.php:213
Stack trace:
#0 /Applications/MAMP/htdocs/testr/wp-includes/template-loader.php(106): include()
#1 /Applications/MAMP/htdocs/testr/wp-blog-header.php(19): require_once('/Applications/M...')
#2 /Applications/MAMP/htdocs/testr/index.php(17): require('/Applications/M...')
#3 {main}
  thrown in /Applications/MAMP/htdocs/testr/wp-content/themes/sibiryak/index.php on line 213
[31-Jan-2023 15:07:05 UTC] PHP Fatal error:  Uncaught Error: Call to undefined function type_product() in /Applications/MAMP/htdocs/testr/wp-content/themes/sibiryak/index.php:213
Stack trace:
#0 /Applications/MAMP/htdocs/testr/wp-includes/template-loader.php(106): include()
#1 /Applications/MAMP/htdocs/testr/wp-blog-header.php(19): require_once('/Applications/M...')
#2 /Applications/MAMP/htdocs/testr/index.php(17): require('/Applications/M...')
#3 {main}
  thrown in /Applications/MAMP/htdocs/testr/wp-content/themes/sibiryak/index.php on line 213
[31-Jan-2023 15:16:11 UTC] PHP Parse error:  syntax error, unexpected '<' in /Applications/MAMP/htdocs/testr/wp-content/themes/sibiryak/index.php on line 211
[01-Feb-2023 21:29:07 UTC] PHP Parse error:  syntax error, unexpected '}' in /Applications/MAMP/htdocs/testr/wp-content/themes/sibiryak/index.php on line 657
[01-Feb-2023 21:33:27 UTC] PHP Parse error:  syntax error, unexpected '}' in /Applications/MAMP/htdocs/testr/wp-content/themes/sibiryak/index.php on line 657
[01-Feb-2023 21:35:14 UTC] PHP Parse error:  syntax error, unexpected '}' in /Applications/MAMP/htdocs/testr/wp-content/themes/sibiryak/index.php on line 658
[01-Feb-2023 21:35:32 UTC] PHP Parse error:  syntax error, unexpected '}' in /Applications/MAMP/htdocs/testr/wp-content/themes/sibiryak/index.php on line 658
[01-Feb-2023 21:36:45 UTC] PHP Parse error:  syntax error, unexpected '}' in /Applications/MAMP/htdocs/testr/wp-content/themes/sibiryak/index.php on line 658
[01-Feb-2023 22:04:59 UTC] PHP Warning:  Illegal string offset 'ID' in /Applications/MAMP/htdocs/testr/wp-content/themes/sibiryak/index.php on line 667
[01-Feb-2023 22:04:59 UTC] PHP Warning:  Illegal string offset 'ID' in /Applications/MAMP/htdocs/testr/wp-content/themes/sibiryak/index.php on line 667
[01-Feb-2023 22:04:59 UTC] PHP Warning:  Illegal string offset 'ID' in /Applications/MAMP/htdocs/testr/wp-content/themes/sibiryak/index.php on line 667
[01-Feb-2023 22:04:59 UTC] PHP Warning:  Illegal string offset 'ID' in /Applications/MAMP/htdocs/testr/wp-content/themes/sibiryak/index.php on line 667
[01-Feb-2023 22:04:59 UTC] PHP Warning:  Illegal string offset 'ID' in /Applications/MAMP/htdocs/testr/wp-content/themes/sibiryak/index.php on line 667
[01-Feb-2023 22:04:59 UTC] PHP Warning:  Illegal string offset 'ID' in /Applications/MAMP/htdocs/testr/wp-content/themes/sibiryak/index.php on line 667
[01-Feb-2023 22:04:59 UTC] PHP Warning:  Illegal string offset 'ID' in /Applications/MAMP/htdocs/testr/wp-content/themes/sibiryak/index.php on line 715
[01-Feb-2023 22:04:59 UTC] PHP Warning:  Illegal string offset 'ID' in /Applications/MAMP/htdocs/testr/wp-content/themes/sibiryak/index.php on line 715
[01-Feb-2023 22:04:59 UTC] PHP Warning:  Illegal string offset 'ID' in /Applications/MAMP/htdocs/testr/wp-content/themes/sibiryak/index.php on line 715
[01-Feb-2023 22:04:59 UTC] PHP Warning:  Illegal string offset 'ID' in /Applications/MAMP/htdocs/testr/wp-content/themes/sibiryak/index.php on line 715
[01-Feb-2023 22:04:59 UTC] PHP Warning:  Illegal string offset 'ID' in /Applications/MAMP/htdocs/testr/wp-content/themes/sibiryak/index.php on line 715
[01-Feb-2023 22:04:59 UTC] PHP Warning:  Illegal string offset 'ID' in /Applications/MAMP/htdocs/testr/wp-content/themes/sibiryak/index.php on line 715
[01-Feb-2023 22:06:57 UTC] PHP Warning:  Illegal string offset 'ID' in /Applications/MAMP/htdocs/testr/wp-content/themes/sibiryak/index.php on line 667
[01-Feb-2023 22:06:57 UTC] PHP Warning:  Illegal string offset 'ID' in /Applications/MAMP/htdocs/testr/wp-content/themes/sibiryak/index.php on line 667
[01-Feb-2023 22:06:57 UTC] PHP Warning:  Illegal string offset 'ID' in /Applications/MAMP/htdocs/testr/wp-content/themes/sibiryak/index.php on line 667
[01-Feb-2023 22:06:57 UTC] PHP Warning:  Illegal string offset 'ID' in /Applications/MAMP/htdocs/testr/wp-content/themes/sibiryak/index.php on line 667
[01-Feb-2023 22:06:57 UTC] PHP Warning:  Illegal string offset 'ID' in /Applications/MAMP/htdocs/testr/wp-content/themes/sibiryak/index.php on line 667
[01-Feb-2023 22:06:57 UTC] PHP Warning:  Illegal string offset 'ID' in /Applications/MAMP/htdocs/testr/wp-content/themes/sibiryak/index.php on line 667
[01-Feb-2023 22:13:47 UTC] PHP Warning:  Illegal string offset 'ID' in /Applications/MAMP/htdocs/testr/wp-content/themes/sibiryak/index.php on line 667
[01-Feb-2023 22:13:47 UTC] PHP Warning:  Illegal string offset 'ID' in /Applications/MAMP/htdocs/testr/wp-content/themes/sibiryak/index.php on line 667
[01-Feb-2023 22:13:47 UTC] PHP Warning:  Illegal string offset 'ID' in /Applications/MAMP/htdocs/testr/wp-content/themes/sibiryak/index.php on line 667
[01-Feb-2023 22:13:47 UTC] PHP Warning:  Illegal string offset 'ID' in /Applications/MAMP/htdocs/testr/wp-content/themes/sibiryak/index.php on line 667
[01-Feb-2023 22:13:47 UTC] PHP Warning:  Illegal string offset 'ID' in /Applications/MAMP/htdocs/testr/wp-content/themes/sibiryak/index.php on line 667
[01-Feb-2023 22:13:47 UTC] PHP Warning:  Illegal string offset 'ID' in /Applications/MAMP/htdocs/testr/wp-content/themes/sibiryak/index.php on line 667
[01-Feb-2023 22:15:30 UTC] PHP Warning:  Illegal string offset 'ID' in /Applications/MAMP/htdocs/testr/wp-content/themes/sibiryak/index.php on line 662
[01-Feb-2023 22:15:30 UTC] PHP Warning:  Illegal string offset 'ID' in /Applications/MAMP/htdocs/testr/wp-content/themes/sibiryak/index.php on line 662
[01-Feb-2023 22:15:30 UTC] PHP Warning:  Illegal string offset 'ID' in /Applications/MAMP/htdocs/testr/wp-content/themes/sibiryak/index.php on line 662
[01-Feb-2023 22:15:30 UTC] PHP Warning:  Illegal string offset 'ID' in /Applications/MAMP/htdocs/testr/wp-content/themes/sibiryak/index.php on line 662
[01-Feb-2023 22:15:30 UTC] PHP Warning:  Illegal string offset 'ID' in /Applications/MAMP/htdocs/testr/wp-content/themes/sibiryak/index.php on line 662
[01-Feb-2023 22:15:30 UTC] PHP Warning:  Illegal string offset 'ID' in /Applications/MAMP/htdocs/testr/wp-content/themes/sibiryak/index.php on line 662
[01-Feb-2023 22:19:43 UTC] PHP Warning:  Illegal string offset 'ID' in /Applications/MAMP/htdocs/testr/wp-content/themes/sibiryak/index.php on line 662
[01-Feb-2023 22:21:45 UTC] PHP Fatal error:  Uncaught Error: Call to undefined function get_the_post_meta() in /Applications/MAMP/htdocs/testr/wp-content/themes/sibiryak/index.php:657
Stack trace:
#0 /Applications/MAMP/htdocs/testr/wp-includes/template-loader.php(106): include()
#1 /Applications/MAMP/htdocs/testr/wp-blog-header.php(19): require_once('/Applications/M...')
#2 /Applications/MAMP/htdocs/testr/index.php(17): require('/Applications/M...')
#3 {main}
  thrown in /Applications/MAMP/htdocs/testr/wp-content/themes/sibiryak/index.php on line 657
[01-Feb-2023 22:22:46 UTC] PHP Fatal error:  Uncaught Error: Call to undefined function get_the_post_meta() in /Applications/MAMP/htdocs/testr/wp-content/themes/sibiryak/index.php:657
Stack trace:
#0 /Applications/MAMP/htdocs/testr/wp-includes/template-loader.php(106): include()
#1 /Applications/MAMP/htdocs/testr/wp-blog-header.php(19): require_once('/Applications/M...')
#2 /Applications/MAMP/htdocs/testr/index.php(17): require('/Applications/M...')
#3 {main}
  thrown in /Applications/MAMP/htdocs/testr/wp-content/themes/sibiryak/index.php on line 657
[01-Feb-2023 22:23:39 UTC] PHP Fatal error:  Uncaught Error: Call to undefined function get_the_post_meta() in /Applications/MAMP/htdocs/testr/wp-content/themes/sibiryak/index.php:657
Stack trace:
#0 /Applications/MAMP/htdocs/testr/wp-includes/template-loader.php(106): include()
#1 /Applications/MAMP/htdocs/testr/wp-blog-header.php(19): require_once('/Applications/M...')
#2 /Applications/MAMP/htdocs/testr/index.php(17): require('/Applications/M...')
#3 {main}
  thrown in /Applications/MAMP/htdocs/testr/wp-content/themes/sibiryak/index.php on line 657
[01-Feb-2023 22:24:45 UTC] PHP Fatal error:  Uncaught Error: Call to undefined function get_the_post_meta() in /Applications/MAMP/htdocs/testr/wp-content/themes/sibiryak/index.php:657
Stack trace:
#0 /Applications/MAMP/htdocs/testr/wp-includes/template-loader.php(106): include()
#1 /Applications/MAMP/htdocs/testr/wp-blog-header.php(19): require_once('/Applications/M...')
#2 /Applications/MAMP/htdocs/testr/index.php(17): require('/Applications/M...')
#3 {main}
  thrown in /Applications/MAMP/htdocs/testr/wp-content/themes/sibiryak/index.php on line 657
[01-Feb-2023 22:25:36 UTC] PHP Fatal error:  Uncaught Error: Call to undefined function get_the_post_meta() in /Applications/MAMP/htdocs/testr/wp-content/themes/sibiryak/index.php:657
Stack trace:
#0 /Applications/MAMP/htdocs/testr/wp-includes/template-loader.php(106): include()
#1 /Applications/MAMP/htdocs/testr/wp-blog-header.php(19): require_once('/Applications/M...')
#2 /Applications/MAMP/htdocs/testr/index.php(17): require('/Applications/M...')
#3 {main}
  thrown in /Applications/MAMP/htdocs/testr/wp-content/themes/sibiryak/index.php on line 657
[01-Feb-2023 22:27:23 UTC] PHP Warning:  Illegal string offset 'ID' in /Applications/MAMP/htdocs/testr/wp-content/themes/sibiryak/index.php on line 662
[02-Feb-2023 07:05:22 UTC] PHP Warning:  Illegal string offset 'ID' in /Applications/MAMP/htdocs/testr/wp-content/themes/sibiryak/index.php on line 662
[02-Feb-2023 07:21:28 UTC] PHP Warning:  Illegal string offset 'ID' in /Applications/MAMP/htdocs/testr/wp-content/themes/sibiryak/index.php on line 668
[02-Feb-2023 07:21:28 UTC] PHP Warning:  Illegal string offset 'ID' in /Applications/MAMP/htdocs/testr/wp-content/themes/sibiryak/index.php on line 668
[02-Feb-2023 07:29:49 UTC] PHP Warning:  Illegal string offset 'ID' in /Applications/MAMP/htdocs/testr/wp-content/themes/sibiryak/index.php on line 668
[02-Feb-2023 07:29:49 UTC] PHP Warning:  Illegal string offset 'ID' in /Applications/MAMP/htdocs/testr/wp-content/themes/sibiryak/index.php on line 668
[02-Feb-2023 07:37:11 UTC] PHP Parse error:  syntax error, unexpected '}', expecting ';' or ',' in /Applications/MAMP/htdocs/testr/wp-content/themes/sibiryak/index.php on line 671
[02-Feb-2023 07:37:28 UTC] PHP Warning:  Illegal string offset 'ID' in /Applications/MAMP/htdocs/testr/wp-content/themes/sibiryak/index.php on line 668
[02-Feb-2023 07:37:28 UTC] PHP Warning:  Illegal string offset 'ID' in /Applications/MAMP/htdocs/testr/wp-content/themes/sibiryak/index.php on line 668
[02-Feb-2023 07:41:14 UTC] PHP Warning:  Invalid argument supplied for foreach() in /Applications/MAMP/htdocs/testr/wp-content/themes/sibiryak/index.php on line 667
[02-Feb-2023 07:41:14 UTC] PHP Warning:  Invalid argument supplied for foreach() in /Applications/MAMP/htdocs/testr/wp-content/themes/sibiryak/index.php on line 667
[02-Feb-2023 16:29:42 UTC] PHP Warning:  Invalid argument supplied for foreach() in /Applications/MAMP/htdocs/testr/wp-content/themes/sibiryak/index.php on line 667
[02-Feb-2023 16:29:42 UTC] PHP Warning:  Invalid argument supplied for foreach() in /Applications/MAMP/htdocs/testr/wp-content/themes/sibiryak/index.php on line 667
[02-Feb-2023 16:29:43 UTC] PHP Warning:  Invalid argument supplied for foreach() in /Applications/MAMP/htdocs/testr/wp-content/themes/sibiryak/index.php on line 667
[02-Feb-2023 16:29:43 UTC] PHP Warning:  Invalid argument supplied for foreach() in /Applications/MAMP/htdocs/testr/wp-content/themes/sibiryak/index.php on line 667
[02-Feb-2023 16:29:44 UTC] PHP Warning:  Invalid argument supplied for foreach() in /Applications/MAMP/htdocs/testr/wp-content/themes/sibiryak/index.php on line 667
[02-Feb-2023 16:29:44 UTC] PHP Warning:  Invalid argument supplied for foreach() in /Applications/MAMP/htdocs/testr/wp-content/themes/sibiryak/index.php on line 667
[02-Feb-2023 16:29:45 UTC] PHP Warning:  Invalid argument supplied for foreach() in /Applications/MAMP/htdocs/testr/wp-content/themes/sibiryak/index.php on line 667
[02-Feb-2023 16:29:45 UTC] PHP Warning:  Invalid argument supplied for foreach() in /Applications/MAMP/htdocs/testr/wp-content/themes/sibiryak/index.php on line 667
[02-Feb-2023 16:29:45 UTC] PHP Warning:  Invalid argument supplied for foreach() in /Applications/MAMP/htdocs/testr/wp-content/themes/sibiryak/index.php on line 667
[02-Feb-2023 16:29:45 UTC] PHP Warning:  Invalid argument supplied for foreach() in /Applications/MAMP/htdocs/testr/wp-content/themes/sibiryak/index.php on line 667
[02-Feb-2023 16:29:46 UTC] PHP Warning:  Invalid argument supplied for foreach() in /Applications/MAMP/htdocs/testr/wp-content/themes/sibiryak/index.php on line 667
[02-Feb-2023 16:29:46 UTC] PHP Warning:  Invalid argument supplied for foreach() in /Applications/MAMP/htdocs/testr/wp-content/themes/sibiryak/index.php on line 667
[02-Feb-2023 16:29:47 UTC] PHP Warning:  Invalid argument supplied for foreach() in /Applications/MAMP/htdocs/testr/wp-content/themes/sibiryak/index.php on line 667
[02-Feb-2023 16:29:47 UTC] PHP Warning:  Invalid argument supplied for foreach() in /Applications/MAMP/htdocs/testr/wp-content/themes/sibiryak/index.php on line 667
[02-Feb-2023 16:29:47 UTC] PHP Warning:  Invalid argument supplied for foreach() in /Applications/MAMP/htdocs/testr/wp-content/themes/sibiryak/index.php on line 667
[02-Feb-2023 16:29:47 UTC] PHP Warning:  Invalid argument supplied for foreach() in /Applications/MAMP/htdocs/testr/wp-content/themes/sibiryak/index.php on line 667
[03-Feb-2023 18:02:21 UTC] PHP Warning:  Invalid argument supplied for foreach() in /Applications/MAMP/htdocs/testr/wp-content/themes/sibiryak/index.php on line 667
[03-Feb-2023 18:02:21 UTC] PHP Warning:  Invalid argument supplied for foreach() in /Applications/MAMP/htdocs/testr/wp-content/themes/sibiryak/index.php on line 667
[03-Feb-2023 18:02:24 UTC] PHP Warning:  Invalid argument supplied for foreach() in /Applications/MAMP/htdocs/testr/wp-content/themes/sibiryak/index.php on line 667
[03-Feb-2023 18:02:24 UTC] PHP Warning:  Invalid argument supplied for foreach() in /Applications/MAMP/htdocs/testr/wp-content/themes/sibiryak/index.php on line 667
[03-Feb-2023 18:02:25 UTC] PHP Warning:  Invalid argument supplied for foreach() in /Applications/MAMP/htdocs/testr/wp-content/themes/sibiryak/index.php on line 667
[03-Feb-2023 18:02:25 UTC] PHP Warning:  Invalid argument supplied for foreach() in /Applications/MAMP/htdocs/testr/wp-content/themes/sibiryak/index.php on line 667
[03-Feb-2023 18:02:26 UTC] PHP Warning:  Invalid argument supplied for foreach() in /Applications/MAMP/htdocs/testr/wp-content/themes/sibiryak/index.php on line 667
[03-Feb-2023 18:02:26 UTC] PHP Warning:  Invalid argument supplied for foreach() in /Applications/MAMP/htdocs/testr/wp-content/themes/sibiryak/index.php on line 667
[03-Feb-2023 18:02:26 UTC] PHP Warning:  Invalid argument supplied for foreach() in /Applications/MAMP/htdocs/testr/wp-content/themes/sibiryak/index.php on line 667
[03-Feb-2023 18:02:26 UTC] PHP Warning:  Invalid argument supplied for foreach() in /Applications/MAMP/htdocs/testr/wp-content/themes/sibiryak/index.php on line 667
[03-Feb-2023 18:02:27 UTC] PHP Warning:  Invalid argument supplied for foreach() in /Applications/MAMP/htdocs/testr/wp-content/themes/sibiryak/index.php on line 667
[03-Feb-2023 18:02:27 UTC] PHP Warning:  Invalid argument supplied for foreach() in /Applications/MAMP/htdocs/testr/wp-content/themes/sibiryak/index.php on line 667
[03-Feb-2023 18:02:28 UTC] PHP Warning:  Invalid argument supplied for foreach() in /Applications/MAMP/htdocs/testr/wp-content/themes/sibiryak/index.php on line 667
[03-Feb-2023 18:02:28 UTC] PHP Warning:  Invalid argument supplied for foreach() in /Applications/MAMP/htdocs/testr/wp-content/themes/sibiryak/index.php on line 667
[03-Feb-2023 18:02:28 UTC] PHP Warning:  Invalid argument supplied for foreach() in /Applications/MAMP/htdocs/testr/wp-content/themes/sibiryak/index.php on line 667
[03-Feb-2023 18:02:28 UTC] PHP Warning:  Invalid argument supplied for foreach() in /Applications/MAMP/htdocs/testr/wp-content/themes/sibiryak/index.php on line 667
[03-Feb-2023 19:39:58 UTC] PHP Parse error:  syntax error, unexpected end of file in /Applications/MAMP/htdocs/testr/wp-content/themes/sibiryak/functions.php on line 17
[05-Feb-2023 21:39:00 UTC] PHP Parse error:  syntax error, unexpected ')' in /Applications/MAMP/htdocs/testr/wp-content/themes/sibiryak/index.php on line 657
